<?xml version="1.0" encoding="UTF-8" ?>
<testsuite failures="0" time="0.017" errors="0" skipped="0" tests="0" name="com.indus.training.test.TestDepartmentDAO">
  <properties>
    <property name="java.runtime.name" value="Java(TM) SE Runtime Environment"/>
    <property name="sun.boot.library.path" value="C:\Oracle\Middleware\jdk160_29\jre\bin"/>
    <property name="java.vm.version" value="20.4-b02"/>
    <property name="java.vm.vendor" value="Sun Microsystems Inc."/>
    <property name="java.vendor.url" value="http://java.sun.com/"/>
    <property name="path.separator" value=";"/>
    <property name="guice.disable.misplaced.annotation.check" value="true"/>
    <property name="java.vm.name" value="Java HotSpot(TM) Client VM"/>
    <property name="file.encoding.pkg" value="sun.io"/>
    <property name="user.country" value="US"/>
    <property name="sun.java.launcher" value="SUN_STANDARD"/>
    <property name="sun.os.patch.level" value=""/>
    <property name="java.vm.specification.name" value="Java Virtual Machine Specification"/>
    <property name="user.dir" value="C:\IndusTraining\AfterCourse\IndusTrainingMavenHibernateDAO"/>
    <property name="java.runtime.version" value="1.6.0_29-b11"/>
    <property name="java.awt.graphicsenv" value="sun.awt.Win32GraphicsEnvironment"/>
    <property name="java.endorsed.dirs" value="C:\Oracle\Middleware\jdk160_29\jre\lib\endorsed"/>
    <property name="os.arch" value="x86"/>
    <property name="java.io.tmpdir" value="C:\Users\Ashok\AppData\Local\Temp\"/>
    <property name="line.separator" value="
"/>
    <property name="java.vm.specification.vendor" value="Sun Microsystems Inc."/>
    <property name="user.variant" value=""/>
    <property name="os.name" value="Windows 7"/>
    <property name="classworlds.conf" value="C:\IndusTraining\AfterCourse\.metadata\.plugins\org.eclipse.m2e.launching\launches\m2conf4939772627577768643.tmp"/>
    <property name="sun.jnu.encoding" value="Cp1252"/>
    <property name="java.library.path" value="C:\Oracle\Middleware\jdk160_29\bin;C:\Windows\Sun\Java\bin;C:\Windows\system32;C:\Windows;C:\oraclexe\app\oracle\product\11.2.0\server\bin;C:\Windows\system32;C:\Windows;C:\Windows\System32\Wbem;C:\Windows\System32\WindowsPowerShell\v1.0\;C:\Program Files (x86)\Intel\OpenCL SDK\1.5\bin\x86;C:\Program Files (x86)\Intel\OpenCL SDK\1.5\bin\x64;C:\Oracle\Middleware\jdk160_29\bin;C:\Python27;C:\Program Files\TortoiseSVN\bin;C:\Program Files (x86)\VisualSVN Server\bin;C:\Users\Ashok\AppData\Local\Smartbar\Application\;C:\Users\Ashok\AppData\Local\Smartbar\Application\;C:\Download\apache-maven-3.1.0-bin\apache-maven-3.1.0\bin;%JAVA_HOME%\bin;."/>
    <property name="java.specification.name" value="Java Platform API Specification"/>
    <property name="java.class.version" value="50.0"/>
    <property name="sun.management.compiler" value="HotSpot Client Compiler"/>
    <property name="os.version" value="6.1"/>
    <property name="user.home" value="C:\Users\Ashok"/>
    <property name="user.timezone" value="America/New_York"/>
    <property name="java.awt.printerjob" value="sun.awt.windows.WPrinterJob"/>
    <property name="file.encoding" value="Cp1252"/>
    <property name="java.specification.version" value="1.6"/>
    <property name="user.name" value="Ashok"/>
    <property name="java.class.path" value="/C:/Oracle/Middleware/oepe_12.1.1.2.1/configuration/org.eclipse.osgi/bundles/1058/1/.cp/jars/plexus-classworlds-2.4.jar"/>
    <property name="java.vm.specification.version" value="1.0"/>
    <property name="sun.arch.data.model" value="32"/>
    <property name="java.home" value="C:\Oracle\Middleware\jdk160_29\jre"/>
    <property name="sun.java.command" value="org.codehaus.plexus.classworlds.launcher.Launcher -B test"/>
    <property name="java.specification.vendor" value="Sun Microsystems Inc."/>
    <property name="user.language" value="en"/>
    <property name="awt.toolkit" value="sun.awt.windows.WToolkit"/>
    <property name="java.vm.info" value="mixed mode"/>
    <property name="java.version" value="1.6.0_29"/>
    <property name="java.ext.dirs" value="C:\Oracle\Middleware\jdk160_29\jre\lib\ext;C:\Windows\Sun\Java\lib\ext"/>
    <property name="sun.boot.class.path" value="C:\Oracle\Middleware\jdk160_29\jre\lib\endorsed\javax-xml-bind.jar;C:\Oracle\Middleware\jdk160_29\jre\lib\endorsed\javax-xml-ws.jar;C:\Oracle\Middleware\jdk160_29\jre\lib\endorsed\jsr250-api.jar;C:\Oracle\Middleware\jdk160_29\jre\lib\resources.jar;C:\Oracle\Middleware\jdk160_29\jre\lib\rt.jar;C:\Oracle\Middleware\jdk160_29\jre\lib\sunrsasign.jar;C:\Oracle\Middleware\jdk160_29\jre\lib\jsse.jar;C:\Oracle\Middleware\jdk160_29\jre\lib\jce.jar;C:\Oracle\Middleware\jdk160_29\jre\lib\charsets.jar;C:\Oracle\Middleware\jdk160_29\jre\lib\modules\jdk.boot.jar;C:\Oracle\Middleware\jdk160_29\jre\classes"/>
    <property name="java.vendor" value="Sun Microsystems Inc."/>
    <property name="maven.home" value="C:\IndusTraining\AfterCourse\IndusTrainingMavenHibernateDAO\EMBEDDED"/>
    <property name="file.separator" value="\"/>
    <property name="java.vendor.url.bug" value="http://java.sun.com/cgi-bin/bugreport.cgi"/>
    <property name="maven.bootclasspath" value="/C:/Oracle/Middleware/oepe_12.1.1.2.1/configuration/org.eclipse.osgi/bundles/1058/1/.cp/jars/plexus-classworlds-2.4.jar"/>
    <property name="sun.cpu.endian" value="little"/>
    <property name="sun.io.unicode.encoding" value="UnicodeLittle"/>
    <property name="sun.desktop" value="windows"/>
    <property name="sun.cpu.isalist" value="pentium_pro+mmx pentium_pro pentium+mmx pentium i486 i386 i86"/>
  </properties>
</testsuite>